app/build/outputs/logs/manifest-merger-debug-report.txt
-- Merging decision tree log ---
manifest
ADDED from src/main/AndroidManifest.xml:18:1-88:12
	package
		ADDED from src/main/AndroidManifest.xml:19:7-26
		INJECTED from src/main/AndroidManifest.xml
		INJECTED from src/main/AndroidManifest.xml
	android:versionName
		ADDED from src/main/AndroidManifest.xml:21:7-34
		INJECTED from src/main/AndroidManifest.xml
		INJECTED from src/main/AndroidManifest.xml
	android:versionCode
		ADDED from src/main/AndroidManifest.xml:21:35-59
		INJECTED from src/main/AndroidManifest.xml
		INJECTED from src/main/AndroidManifest.xml
	xmlns:android
		ADDED from src/main/AndroidManifest.xml:18:11-69
	android:installLocation
		ADDED from src/main/AndroidManifest.xml:20:7-37
application
ADDED from src/main/AndroidManifest.xml:22:5-72:16
	android:label
		ADDED from src/main/AndroidManifest.xml:24:6-45
	android:debuggable
		ADDED from src/main/AndroidManifest.xml:25:6-32
	android:icon
		ADDED from src/main/AndroidManifest.xml:23:6-35
activity#org.zirco.ui.activities.MainActivity
ADDED from src/main/AndroidManifest.xml:27:9-42:20
	android:label
		ADDED from src/main/AndroidManifest.xml:28:19-58
	android:launchMode
		ADDED from src/main/AndroidManifest.xml:29:19-50
	android:configChanges
		ADDED from src/main/AndroidManifest.xml:30:19-69
	android:name
		ADDED from src/main/AndroidManifest.xml:27:19-61
intent-filter#android.intent.action.MAIN+android.intent.category.LAUNCHER
ADDED from src/main/AndroidManifest.xml:31:13-34:29
action#android.intent.action.MAIN
ADDED from src/main/AndroidManifest.xml:32:17-69
	android:name
		ADDED from src/main/AndroidManifest.xml:32:25-66
category#android.intent.category.LAUNCHER
ADDED from src/main/AndroidManifest.xml:33:17-77
	android:name
		ADDED from src/main/AndroidManifest.xml:33:27-74
intent-filter#android.intent.action.VIEW+android.intent.category.BROWSABLE+android.intent.category.DEFAULT
ADDED from src/main/AndroidManifest.xml:35:13-41:20
action#android.intent.action.VIEW
ADDED from src/main/AndroidManifest.xml:36:5-57
	android:name
		ADDED from src/main/AndroidManifest.xml:36:13-54
category#android.intent.category.DEFAULT
ADDED from src/main/AndroidManifest.xml:37:5-64
	android:name
		ADDED from src/main/AndroidManifest.xml:37:15-61
category#android.intent.category.BROWSABLE
ADDED from src/main/AndroidManifest.xml:38:5-66
	android:name
		ADDED from src/main/AndroidManifest.xml:38:15-63
data
ADDED from src/main/AndroidManifest.xml:39:5-35
	android:scheme
		ADDED from src/main/AndroidManifest.xml:39:11-32
activity#org.zirco.ui.activities.AboutActivity
ADDED from src/main/AndroidManifest.xml:44:3-156
	android:label
		ADDED from src/main/AndroidManifest.xml:44:101-144
	android:theme
		ADDED from src/main/AndroidManifest.xml:44:57-100
	android:name
		ADDED from src/main/AndroidManifest.xml:44:13-56
activity#org.zirco.ui.activities.EditBookmarkActivity
ADDED from src/main/AndroidManifest.xml:45:3-170
	android:label
		ADDED from src/main/AndroidManifest.xml:45:108-158
	android:theme
		ADDED from src/main/AndroidManifest.xml:45:64-107
	android:name
		ADDED from src/main/AndroidManifest.xml:45:13-63
activity#org.zirco.ui.activities.BookmarksListActivity
ADDED from src/main/AndroidManifest.xml:46:3-76
	android:name
		ADDED from src/main/AndroidManifest.xml:46:13-64
activity#org.zirco.ui.activities.HistoryListActivity
ADDED from src/main/AndroidManifest.xml:47:3-74
	android:name
		ADDED from src/main/AndroidManifest.xml:47:13-62
activity#org.zirco.ui.activities.DownloadsListActivity
ADDED from src/main/AndroidManifest.xml:48:3-76
	android:name
		ADDED from src/main/AndroidManifest.xml:48:13-64
activity#org.zirco.ui.activities.AdBlockerWhiteListActivity
ADDED from src/main/AndroidManifest.xml:49:3-81
	android:name
		ADDED from src/main/AndroidManifest.xml:49:13-69
activity#org.zirco.ui.activities.BookmarksHistoryActivity
ADDED from src/main/AndroidManifest.xml:50:3-130
	android:configChanges
		ADDED from src/main/AndroidManifest.xml:50:68-118
	android:name
		ADDED from src/main/AndroidManifest.xml:50:13-67
activity#org.zirco.ui.activities.ChangelogActivity
ADDED from src/main/AndroidManifest.xml:51:3-164
	android:label
		ADDED from src/main/AndroidManifest.xml:51:105-152
	android:theme
		ADDED from src/main/AndroidManifest.xml:51:61-104
	android:name
		ADDED from src/main/AndroidManifest.xml:51:13-60
activity#org.zirco.ui.activities.preferences.PreferencesActivity
ADDED from src/main/AndroidManifest.xml:52:3-86
	android:name
		ADDED from src/main/AndroidManifest.xml:52:13-74
activity#org.zirco.ui.activities.preferences.HomepagePreferenceActivity
ADDED from src/main/AndroidManifest.xml:53:3-194
	android:label
		ADDED from src/main/AndroidManifest.xml:53:126-182
	android:theme
		ADDED from src/main/AndroidManifest.xml:53:82-125
	android:name
		ADDED from src/main/AndroidManifest.xml:53:13-81
activity#org.zirco.ui.activities.preferences.SearchUrlPreferenceActivity
ADDED from src/main/AndroidManifest.xml:54:3-196
	android:label
		ADDED from src/main/AndroidManifest.xml:54:127-184
	android:theme
		ADDED from src/main/AndroidManifest.xml:54:83-126
	android:name
		ADDED from src/main/AndroidManifest.xml:54:13-82
activity#org.zirco.ui.activities.preferences.UserAgentPreferenceActivity
ADDED from src/main/AndroidManifest.xml:55:3-196
	android:label
		ADDED from src/main/AndroidManifest.xml:55:127-184
	android:theme
		ADDED from src/main/AndroidManifest.xml:55:83-126
	android:name
		ADDED from src/main/AndroidManifest.xml:55:13-82
activity#org.zirco.ui.activities.MobileViewListActivity
ADDED from src/main/AndroidManifest.xml:56:3-77
	android:name
		ADDED from src/main/AndroidManifest.xml:56:13-65
activity#org.zirco.ui.activities.WeaveBookmarksListActivity
ADDED from src/main/AndroidManifest.xml:57:3-81
	android:name
		ADDED from src/main/AndroidManifest.xml:57:13-69
activity#org.zirco.ui.activities.preferences.WeavePreferencesActivity
ADDED from src/main/AndroidManifest.xml:58:3-91
	android:name
		ADDED from src/main/AndroidManifest.xml:58:13-79
activity#org.zirco.ui.activities.preferences.WeaveServerPreferenceActivity
ADDED from src/main/AndroidManifest.xml:59:3-200
	android:label
		ADDED from src/main/AndroidManifest.xml:59:129-188
	android:theme
		ADDED from src/main/AndroidManifest.xml:59:85-128
	android:name
		ADDED from src/main/AndroidManifest.xml:59:13-84
provider#org.zirco.providers.ZircoBookmarksContentProvider
ADDED from src/main/AndroidManifest.xml:61:3-152
	android:authorities
		ADDED from src/main/AndroidManifest.xml:61:69-140
	android:name
		ADDED from src/main/AndroidManifest.xml:61:13-68
provider#org.zirco.providers.WeaveContentProvider
ADDED from src/main/AndroidManifest.xml:62:3-134
	android:authorities
		ADDED from src/main/AndroidManifest.xml:62:60-122
	android:name
		ADDED from src/main/AndroidManifest.xml:62:13-59
receiver#org.zirco.utils.ProxyChangeReceiver
ADDED from src/main/AndroidManifest.xml:65:9-71:20
	android:name
		ADDED from src/main/AndroidManifest.xml:66:13-63
intent-filter#android.intent.action.PROXY_CHANGE
ADDED from src/main/AndroidManifest.xml:67:13-70:29
action#android.intent.action.PROXY_CHANGE
ADDED from src/main/AndroidManifest.xml:68:17-69:73
	android:name
		ADDED from src/main/AndroidManifest.xml:69:21-70
uses-sdk
ADDED from src/main/AndroidManifest.xml:74:2-69
	android:targetSdkVersion
		ADDED from src/main/AndroidManifest.xml:74:38-66
		INJECTED from src/main/AndroidManifest.xml
		INJECTED from src/main/AndroidManifest.xml
	android:minSdkVersion
		ADDED from src/main/AndroidManifest.xml:74:12-37
		INJECTED from src/main/AndroidManifest.xml
		INJECTED from src/main/AndroidManifest.xml
uses-permission#android.permission.INTERNET
ADDED from src/main/AndroidManifest.xml:75:2-80
	android:name
		ADDED from src/main/AndroidManifest.xml:75:19-61
uses-permission#com.android.browser.permission.READ_HISTORY_BOOKMARKS
ADDED from src/main/AndroidManifest.xml:76:2-106
	android:name
		ADDED from src/main/AndroidManifest.xml:76:19-87
uses-permission#com.android.browser.permission.WRITE_HISTORY_BOOKMARKS
ADDED from src/main/AndroidManifest.xml:77:2-107
	android:name
		ADDED from src/main/AndroidManifest.xml:77:19-88
uses-permission#android.permission.WRITE_EXTERNAL_STORAGE
ADDED from src/main/AndroidManifest.xml:78:2-94
	android:name
		ADDED from src/main/AndroidManifest.xml:78:19-75
uses-feature#android.hardware.touchscreen
ADDED from src/main/AndroidManifest.xml:80:2-86
	android:required
		ADDED from src/main/AndroidManifest.xml:80:60-83
	android:name
		ADDED from src/main/AndroidManifest.xml:80:16-59
supports-screens
ADDED from src/main/AndroidManifest.xml:82:2-86:31
	android:largeScreens
		ADDED from src/main/AndroidManifest.xml:83:3-30
	android:smallScreens
		ADDED from src/main/AndroidManifest.xml:85:3-30
	android:normalScreens
		ADDED from src/main/AndroidManifest.xml:84:3-31
	android:anyDensity
		ADDED from src/main/AndroidManifest.xml:86:3-28